Using pre-set license
Built from '2020.3/staging' branch; Version is '2020.3.5f1 (8095aa901b9b) revision 8426922'; Using compiler version '192528614'; Build Type 'Release'
OS: 'Windows 10 Pro; OS build 19042.928; Version 2009; 64bit' Language: 'pt' Physical Memory: 8156 MB
BatchMode: 1, IsHumanControllingUs: 0, StartBugReporterOnCrash: 0, Is64bit: 1, IsPro: 0

 COMMAND LINE ARGUMENTS:
C:\Program Files\Unity\Hub\Editor\2020.3.5f1\Editor\Unity.exe
-adb2
-batchMode
-noUpm
-name
AssetImportWorker0
-projectPath
C:/Users/luc4s/OneDrive/Documents/GitHub/Movimenta-o-Coletiva-Flocking-/Movimentação Coletiva (Flocking)
-logFile
Logs/AssetImportWorker0.log
-srvPort
59768
Successfully changed project path to: C:/Users/luc4s/OneDrive/Documents/GitHub/Movimenta-o-Coletiva-Flocking-/Movimentação Coletiva (Flocking)
C:/Users/luc4s/OneDrive/Documents/GitHub/Movimenta-o-Coletiva-Flocking-/Movimentação Coletiva (Flocking)
Using Asset Import Pipeline V2.
Refreshing native plugins compatible for Editor in 43.09 ms, found 0 plugins.
Preloading 0 native plugins for Editor in 0.00 ms.
Initialize engine version: 2020.3.5f1 (8095aa901b9b)
[Subsystems] Discovering subsystems at path C:/Program Files/Unity/Hub/Editor/2020.3.5f1/Editor/Data/Resources/UnitySubsystems
[Subsystems] Discovering subsystems at path C:/Users/luc4s/OneDrive/Documents/GitHub/Movimenta-o-Coletiva-Flocking-/Movimentação Coletiva (Flocking)/Assets
GfxDevice: creating device client; threaded=0
Direct3D:
    Version:  Direct3D 11.0 [level 11.1]
    Renderer: NVIDIA GeForce GTX 1050 Ti (ID=0x1c82)
    Vendor:   
    VRAM:     4018 MB
    Driver:   27.21.14.6140
Initialize mono
Mono path[0] = 'C:/Program Files/Unity/Hub/Editor/2020.3.5f1/Editor/Data/Managed'
Mono path[1] = 'C:/Program Files/Unity/Hub/Editor/2020.3.5f1/Editor/Data/MonoBleedingEdge/lib/mono/unityjit'
Mono config path = 'C:/Program Files/Unity/Hub/Editor/2020.3.5f1/Editor/Data/MonoBleedingEdge/etc'
Using monoOptions --debugger-agent=transport=dt_socket,embedding=1,server=y,suspend=n,address=127.0.0.1:56636
Begin MonoManager ReloadAssembly
Registering precompiled unity dll's ...
Register platform support module: C:/Program Files/Unity/Hub/Editor/2020.3.5f1/Editor/Data/PlaybackEngines/WebGLSupport/UnityEditor.WebGL.Extensions.dll
Register platform support module: C:/Program Files/Unity/Hub/Editor/2020.3.5f1/Editor/Data/PlaybackEngines/WindowsStandaloneSupport/UnityEditor.WindowsStandalone.Extensions.dll
Registered in 0.005169 seconds.
Native extension for WindowsStandalone target not found
Native extension for WebGL target not found
Refreshing native plugins compatible for Editor in 43.85 ms, found 0 plugins.
Preloading 0 native plugins for Editor in 0.00 ms.
Mono: successfully reloaded assembly
- Completed reload, in  2.148 seconds
Platform modules already initialized, skipping
Registering precompiled user dll's ...
Registered in 0.001288 seconds.
Begin MonoManager ReloadAssembly
Native extension for WindowsStandalone target not found
Native extension for WebGL target not found
Refreshing native plugins compatible for Editor in 0.37 ms, found 0 plugins.
Preloading 0 native plugins for Editor in 0.00 ms.
Mono: successfully reloaded assembly
- Completed reload, in  1.532 seconds
Platform modules already initialized, skipping
========================================================================
Worker process is ready to serve import requests
Launched and connected shader compiler UnityShaderCompiler.exe after 0.07 seconds
Refreshing native plugins compatible for Editor in 0.36 ms, found 0 plugins.
Preloading 0 native plugins for Editor in 0.00 ms.
Unloading 1117 Unused Serialized files (Serialized files now loaded: 0)
System memory in use before: 57.6 MB.
System memory in use after: 57.6 MB.

Unloading 10 unused Assets to reduce memory usage. Loaded Objects now: 1559.
Total: 2.888400 ms (FindLiveObjects: 0.276200 ms CreateObjectMapping: 0.068900 ms MarkObjects: 2.413400 ms  DeleteObjects: 0.128100 ms)

========================================================================
Received Import Request.
  path: Assets/PinkFish.prefab
  artifactKey: Guid(06a4036ceebb544e494c30d599b9d2c1) Importer(815301076,1909f56bfc062723c751e8b465ee728b)
Start importing Assets/PinkFish.prefab using Guid(06a4036ceebb544e494c30d599b9d2c1) Importer(815301076,1909f56bfc062723c751e8b465ee728b)  -> (artifact id: 'f8784ce3cb40ee6512d1f941569f8ea5') in 0.836683 seconds
  Import took 0.841186 seconds .

========================================================================
Received Import Request.
  Time since last request: 0.000328 seconds.
  path: Assets/GreenFish.prefab
  artifactKey: Guid(b0489fdb6d64a4a4ba8e194e561d60cd) Importer(815301076,1909f56bfc062723c751e8b465ee728b)
Start importing Assets/GreenFish.prefab using Guid(b0489fdb6d64a4a4ba8e194e561d60cd) Importer(815301076,1909f56bfc062723c751e8b465ee728b)  -> (artifact id: '30a9040ce531bae024391ba303232483') in 0.055004 seconds
  Import took 0.058678 seconds .

========================================================================
Received Import Request.
  Time since last request: 6.420973 seconds.
  path: Assets/Scenes
  artifactKey: Guid(e9738f794ecffc94ca32b2f91a9f53ff) Importer(815301076,1909f56bfc062723c751e8b465ee728b)
Start importing Assets/Scenes using Guid(e9738f794ecffc94ca32b2f91a9f53ff) Importer(815301076,1909f56bfc062723c751e8b465ee728b)  -> (artifact id: 'f1eab24a47ce606cc79670443887d766') in 0.012081 seconds
  Import took 0.016235 seconds .

========================================================================
Received Import Request.
  Time since last request: 0.010130 seconds.
  path: Assets/Scenes
  artifactKey: Guid(e9738f794ecffc94ca32b2f91a9f53ff) Importer(815301076,1909f56bfc062723c751e8b465ee728b)
Start importing Assets/Scenes using Guid(e9738f794ecffc94ca32b2f91a9f53ff) Importer(815301076,1909f56bfc062723c751e8b465ee728b)  -> (artifact id: 'f1eab24a47ce606cc79670443887d766') in 0.017387 seconds
  Import took 0.020601 seconds .

========================================================================
Received Import Request.
  Time since last request: 2.240773 seconds.
  path: Assets/Scenes/SampleScene.unity
  artifactKey: Guid(9fc0d4010bbf28b4594072e72b8655ab) Importer(815301076,1909f56bfc062723c751e8b465ee728b)
Start importing Assets/Scenes/SampleScene.unity using Guid(9fc0d4010bbf28b4594072e72b8655ab) Importer(815301076,1909f56bfc062723c751e8b465ee728b)  -> (artifact id: 'b89486ec4b84025a098313ebebc15dfb') in 0.018476 seconds
  Import took 0.023432 seconds .

========================================================================
Received Import Request.
  Time since last request: 25.825600 seconds.
  path: Assets/Models/RiggedFish.fbx
  artifactKey: Guid(0cecd6261a8e34c568c7b4b9178b50b4) Importer(815301076,1909f56bfc062723c751e8b465ee728b)
Start importing Assets/Models/RiggedFish.fbx using Guid(0cecd6261a8e34c568c7b4b9178b50b4) Importer(815301076,1909f56bfc062723c751e8b465ee728b)  -> (artifact id: '62dd330043972e59afc1f4bb0ac8b99b') in 0.148180 seconds
  Import took 0.152067 seconds .

========================================================================
Received Import Request.
  Time since last request: 3.609684 seconds.
  path: Assets/Swimming.unity
  artifactKey: Guid(eb5c26842d52d4b69a13819e92aa0fb6) Importer(815301076,1909f56bfc062723c751e8b465ee728b)
Start importing Assets/Swimming.unity using Guid(eb5c26842d52d4b69a13819e92aa0fb6) Importer(815301076,1909f56bfc062723c751e8b465ee728b)  -> (artifact id: 'd2278fa734731a5206a0d3d42df323b8') in 0.017608 seconds
  Import took 0.020877 seconds .

========================================================================
Received Prepare
Registering precompiled user dll's ...
Registered in 0.001678 seconds.
Begin MonoManager ReloadAssembly
Native extension for WindowsStandalone target not found
Native extension for WebGL target not found
Refreshing native plugins compatible for Editor in 0.37 ms, found 0 plugins.
Preloading 0 native plugins for Editor in 0.00 ms.
Mono: successfully reloaded assembly
- Completed reload, in  1.434 seconds
Platform modules already initialized, skipping
Refreshing native plugins compatible for Editor in 0.43 ms, found 0 plugins.
Preloading 0 native plugins for Editor in 0.00 ms.
Unloading 1112 Unused Serialized files (Serialized files now loaded: 0)
System memory in use before: 74.4 MB.
System memory in use after: 74.5 MB.

Unloading 5 unused Assets to reduce memory usage. Loaded Objects now: 1573.
Total: 2.561200 ms (FindLiveObjects: 0.271900 ms CreateObjectMapping: 0.060400 ms MarkObjects: 2.149100 ms  DeleteObjects: 0.078100 ms)

========================================================================
Received Import Request.
  Time since last request: 66.885276 seconds.
  path: Assets/Flock.cs
  artifactKey: Guid(3c25a54a630a9164e90a98a71290fbbb) Importer(815301076,1909f56bfc062723c751e8b465ee728b)
Start importing Assets/Flock.cs using Guid(3c25a54a630a9164e90a98a71290fbbb) Importer(815301076,1909f56bfc062723c751e8b465ee728b)  -> (artifact id: '5441094cb76fb7579af6027d2798be24') in 0.146734 seconds
  Import took 0.151753 seconds .

========================================================================
Received Prepare
Registering precompiled user dll's ...
Registered in 0.001571 seconds.
Begin MonoManager ReloadAssembly
Native extension for WindowsStandalone target not found
Native extension for WebGL target not found
Refreshing native plugins compatible for Editor in 0.37 ms, found 0 plugins.
Preloading 0 native plugins for Editor in 0.00 ms.
Mono: successfully reloaded assembly
- Completed reload, in  1.461 seconds
Platform modules already initialized, skipping
Refreshing native plugins compatible for Editor in 0.42 ms, found 0 plugins.
Preloading 0 native plugins for Editor in 0.00 ms.
Unloading 1112 Unused Serialized files (Serialized files now loaded: 0)
System memory in use before: 74.5 MB.
System memory in use after: 74.5 MB.

Unloading 5 unused Assets to reduce memory usage. Loaded Objects now: 1576.
Total: 3.179500 ms (FindLiveObjects: 0.436700 ms CreateObjectMapping: 0.083000 ms MarkObjects: 2.569300 ms  DeleteObjects: 0.087400 ms)

========================================================================
Received Import Request.
  Time since last request: 1076.469667 seconds.
  path: Assets/Flock.cs
  artifactKey: Guid(3c25a54a630a9164e90a98a71290fbbb) Importer(815301076,1909f56bfc062723c751e8b465ee728b)
Start importing Assets/Flock.cs using Guid(3c25a54a630a9164e90a98a71290fbbb) Importer(815301076,1909f56bfc062723c751e8b465ee728b)  -> (artifact id: 'b71d013c04a3a5f3611183887a92aae2') in 0.012930 seconds
  Import took 0.021668 seconds .

========================================================================
Received Import Request.
  Time since last request: 2.868757 seconds.
  path: Assets/FlockingManager.cs
  artifactKey: Guid(f331c0ad709ca89468cec97c2c9e8046) Importer(815301076,1909f56bfc062723c751e8b465ee728b)
Start importing Assets/FlockingManager.cs using Guid(f331c0ad709ca89468cec97c2c9e8046) Importer(815301076,1909f56bfc062723c751e8b465ee728b)  -> (artifact id: '24ea0099e0975e38eeeda3a749ed2dda') in 0.019863 seconds
  Import took 0.024001 seconds .

========================================================================
Received Import Request.
  Time since last request: 0.001914 seconds.
  path: Assets/FlockingManager.cs
  artifactKey: Guid(f331c0ad709ca89468cec97c2c9e8046) Importer(815301076,1909f56bfc062723c751e8b465ee728b)
Start importing Assets/FlockingManager.cs using Guid(f331c0ad709ca89468cec97c2c9e8046) Importer(815301076,1909f56bfc062723c751e8b465ee728b)  -> (artifact id: '24ea0099e0975e38eeeda3a749ed2dda') in 0.012081 seconds
  Import took 0.015757 seconds .

========================================================================
Received Import Request.
  Time since last request: 490.605338 seconds.
  path: Assets/FlockingManager.cs
  artifactKey: Guid(f331c0ad709ca89468cec97c2c9e8046) Importer(815301076,1909f56bfc062723c751e8b465ee728b)
Start importing Assets/FlockingManager.cs using Guid(f331c0ad709ca89468cec97c2c9e8046) Importer(815301076,1909f56bfc062723c751e8b465ee728b)  -> (artifact id: '2fe3be0bd2f0e5cb5d31673724c7cf78') in 0.354708 seconds
  Import took 0.363755 seconds .

========================================================================
Received Import Request.
  Time since last request: 102.544342 seconds.
  path: Assets/FlockingManager.cs
  artifactKey: Guid(f331c0ad709ca89468cec97c2c9e8046) Importer(815301076,1909f56bfc062723c751e8b465ee728b)
Start importing Assets/FlockingManager.cs using Guid(f331c0ad709ca89468cec97c2c9e8046) Importer(815301076,1909f56bfc062723c751e8b465ee728b)  -> (artifact id: '1300fd1e4255cd031ff8a389fdb74285') in 0.015750 seconds
  Import took 0.020550 seconds .

========================================================================
Received Import Request.
  Time since last request: 285.688886 seconds.
  path: Assets/FlockingManager.cs
  artifactKey: Guid(f331c0ad709ca89468cec97c2c9e8046) Importer(815301076,1909f56bfc062723c751e8b465ee728b)
Start importing Assets/FlockingManager.cs using Guid(f331c0ad709ca89468cec97c2c9e8046) Importer(815301076,1909f56bfc062723c751e8b465ee728b)  -> (artifact id: '18acbbae7696c8336e5c3723eaee41f7') in 0.016930 seconds
  Import took 0.025760 seconds .

========================================================================
Received Prepare
Registering precompiled user dll's ...
Registered in 0.001546 seconds.
Begin MonoManager ReloadAssembly
Native extension for WindowsStandalone target not found
Native extension for WebGL target not found
Refreshing native plugins compatible for Editor in 0.37 ms, found 0 plugins.
Preloading 0 native plugins for Editor in 0.00 ms.
Mono: successfully reloaded assembly
- Completed reload, in  1.454 seconds
Platform modules already initialized, skipping
Refreshing native plugins compatible for Editor in 0.40 ms, found 0 plugins.
Preloading 0 native plugins for Editor in 0.00 ms.
Unloading 1112 Unused Serialized files (Serialized files now loaded: 0)
System memory in use before: 74.5 MB.
System memory in use after: 74.5 MB.

Unloading 5 unused Assets to reduce memory usage. Loaded Objects now: 1579.
Total: 2.900500 ms (FindLiveObjects: 0.295400 ms CreateObjectMapping: 0.071700 ms MarkObjects: 2.384400 ms  DeleteObjects: 0.147000 ms)

========================================================================
Received Import Request.
  Time since last request: 409.728641 seconds.
  path: Assets/FlockingManager.cs
  artifactKey: Guid(f331c0ad709ca89468cec97c2c9e8046) Importer(815301076,1909f56bfc062723c751e8b465ee728b)
Start importing Assets/FlockingManager.cs using Guid(f331c0ad709ca89468cec97c2c9e8046) Importer(815301076,1909f56bfc062723c751e8b465ee728b)  -> (artifact id: '54f39e57d9793c8c7c3600daeddcbf23') in 0.012349 seconds
  Import took 0.015650 seconds .

========================================================================
Received Prepare
Registering precompiled user dll's ...
Registered in 0.001367 seconds.
Begin MonoManager ReloadAssembly
Native extension for WindowsStandalone target not found
Native extension for WebGL target not found
Refreshing native plugins compatible for Editor in 0.39 ms, found 0 plugins.
Preloading 0 native plugins for Editor in 0.00 ms.
Mono: successfully reloaded assembly
- Completed reload, in  1.389 seconds
Platform modules already initialized, skipping
Refreshing native plugins compatible for Editor in 0.40 ms, found 0 plugins.
Preloading 0 native plugins for Editor in 0.00 ms.
Unloading 1112 Unused Serialized files (Serialized files now loaded: 0)
System memory in use before: 74.5 MB.
System memory in use after: 74.6 MB.

Unloading 5 unused Assets to reduce memory usage. Loaded Objects now: 1582.
Total: 2.660100 ms (FindLiveObjects: 0.282200 ms CreateObjectMapping: 0.063600 ms MarkObjects: 2.226100 ms  DeleteObjects: 0.086300 ms)

========================================================================
Received Import Request.
  Time since last request: 85.470252 seconds.
  path: Assets
  artifactKey: Guid(00000000000000001000000000000000) Importer(815301076,1909f56bfc062723c751e8b465ee728b)
Start importing Assets using Guid(00000000000000001000000000000000) Importer(815301076,1909f56bfc062723c751e8b465ee728b)  -> (artifact id: 'e4856052512617ee48189cf1d7999900') in 0.026516 seconds
  Import took 0.030665 seconds .

========================================================================
Received Import Request.
  Time since last request: 12.840668 seconds.
  path: Assets/Script
  artifactKey: Guid(b39287716b6e903468e340b9ad796127) Importer(815301076,1909f56bfc062723c751e8b465ee728b)
Start importing Assets/Script using Guid(b39287716b6e903468e340b9ad796127) Importer(815301076,1909f56bfc062723c751e8b465ee728b)  -> (artifact id: 'd8c5277007ae46503e82fafacb76ab1c') in 0.020743 seconds
  Import took 0.024367 seconds .

========================================================================
Received Prepare
Registering precompiled user dll's ...
Registered in 0.001448 seconds.
Begin MonoManager ReloadAssembly
Native extension for WindowsStandalone target not found
Native extension for WebGL target not found
Refreshing native plugins compatible for Editor in 0.42 ms, found 0 plugins.
Preloading 0 native plugins for Editor in 0.00 ms.
Mono: successfully reloaded assembly
- Completed reload, in  1.430 seconds
Platform modules already initialized, skipping
Refreshing native plugins compatible for Editor in 0.39 ms, found 0 plugins.
Preloading 0 native plugins for Editor in 0.00 ms.
Unloading 1112 Unused Serialized files (Serialized files now loaded: 0)
System memory in use before: 74.5 MB.
System memory in use after: 74.6 MB.

Unloading 5 unused Assets to reduce memory usage. Loaded Objects now: 1585.
Total: 2.685300 ms (FindLiveObjects: 0.271500 ms CreateObjectMapping: 0.068700 ms MarkObjects: 2.264600 ms  DeleteObjects: 0.079000 ms)

========================================================================
Received Prepare
Registering precompiled user dll's ...
Registered in 0.001514 seconds.
Begin MonoManager ReloadAssembly
Native extension for WindowsStandalone target not found
Native extension for WebGL target not found
Refreshing native plugins compatible for Editor in 0.37 ms, found 0 plugins.
Preloading 0 native plugins for Editor in 0.00 ms.
Mono: successfully reloaded assembly
- Completed reload, in  1.441 seconds
Platform modules already initialized, skipping
Refreshing native plugins compatible for Editor in 0.40 ms, found 0 plugins.
Preloading 0 native plugins for Editor in 0.00 ms.
Unloading 1112 Unused Serialized files (Serialized files now loaded: 0)
System memory in use before: 74.5 MB.
System memory in use after: 74.6 MB.

Unloading 5 unused Assets to reduce memory usage. Loaded Objects now: 1588.
Total: 2.791500 ms (FindLiveObjects: 0.308500 ms CreateObjectMapping: 0.086600 ms MarkObjects: 2.308600 ms  DeleteObjects: 0.086100 ms)

========================================================================
Received Import Request.
  Time since last request: 23.709218 seconds.
  path: Assets/Models
  artifactKey: Guid(0386fb268c5f249fe8f15b497b67e293) Importer(815301076,1909f56bfc062723c751e8b465ee728b)
Start importing Assets/Models using Guid(0386fb268c5f249fe8f15b497b67e293) Importer(815301076,1909f56bfc062723c751e8b465ee728b)  -> (artifact id: 'b297df0e0c3ffa72005d7bca998dc916') in 0.017628 seconds
  Import took 0.022667 seconds .

========================================================================
Received Import Request.
  Time since last request: 0.001098 seconds.
  path: Assets/Models
  artifactKey: Guid(0386fb268c5f249fe8f15b497b67e293) Importer(815301076,1909f56bfc062723c751e8b465ee728b)
Start importing Assets/Models using Guid(0386fb268c5f249fe8f15b497b67e293) Importer(815301076,1909f56bfc062723c751e8b465ee728b)  -> (artifact id: 'b297df0e0c3ffa72005d7bca998dc916') in 0.011733 seconds
  Import took 0.015191 seconds .

AssetImportWorkerClient::OnTransportError - code=2 error=End of file
